PRT1
110
240
5 0 2 (1664 12 339.19999999999726 ) (1664 12 214.8571428571429 ) (1664 -372 160 ) (1664 -628 160 ) (1664 -628 339.19999999999726 ) 
4 0 1 (1664 -148 192 ) (1664 12 214.8571428571429 ) (1792 12 214.8571428571429 ) (1792 -148 192 ) 
3 1 2 (1664 12 214.8571428571429 ) (1664 12 192 ) (1664 -148 192 ) 
4 2 4 (1632 -628 160 ) (1632 -628 339.19999999999726 ) (1632 -116 339.19999999999726 ) (1632 -116 160 ) 
4 2 3 (1632 -116 339.19999999999726 ) (1632 12 339.19999999999726 ) (1632 12 256 ) (1632 -116 256 ) 
4 3 5 (1600 12 339.19999999999726 ) (1600 12 256 ) (1600 -116 256 ) (1600 -116 339.19999999999726 ) 
4 3 4 (1632 -116 256 ) (1632 -116 339.19999999999726 ) (1600 -116 339.19999999999726 ) (1600 -116 256 ) 
4 4 10 (1600 -500 160 ) (1600 -628 160 ) (1600 -628 339.19999999999726 ) (1600 -500 339.19999999999726 ) 
4 4 9 (1600 -500 224 ) (1600 -500 339.19999999999726 ) (1600 -436 339.19999999999726 ) (1600 -436 224 ) 
4 4 5 (1600 -116 160 ) (1600 -436 160 ) (1600 -436 339.19999999999726 ) (1600 -116 339.19999999999726 ) 
4 5 9 (1600 -436 224 ) (1600 -436 339.19999999999726 ) (1536 -436 339.19999999999726 ) (1536 -436 224 ) 
4 5 8 (1536 -436 160 ) (1536 -436 339.19999999999726 ) (1536 -116 339.19999999999726 ) (1536 -116 160 ) 
4 5 7 (1536 -116 339.19999999999726 ) (1536 -84 339.19999999999726 ) (1536 -84 256 ) (1536 -116 256 ) 
4 5 6 (1536 -84 339.19999999999726 ) (1536 12 339.19999999999726 ) (1536 12 160 ) (1536 -84 160 ) 
4 6 7 (1536 -84 256 ) (1536 -84 339.19999999999726 ) (1440 -84 339.19999999999726 ) (1440 -84 256 ) 
4 7 8 (1536 -116 256 ) (1536 -116 339.19999999999726 ) (1440 -116 339.19999999999726 ) (1440 -116 256 ) 
4 8 15 (1440 -128 160 ) (1440 -308 160 ) (1440 -308 288 ) (1440 -128 288 ) 
4 8 9 (1536 -436 224 ) (1536 -436 339.19999999999726 ) (1440 -436 339.19999999999726 ) (1440 -436 224 ) 
4 9 14 (1440 -500 339.19999999999726 ) (1440 -500 224 ) (1472 -500 224 ) (1472 -500 339.19999999999726 ) 
4 9 11 (1472 -500 224 ) (1496 -500 224 ) (1496 -500 339.19999999999726 ) (1472 -500 339.19999999999726 ) 
4 9 10 (1496 -500 224 ) (1600 -500 224 ) (1600 -500 339.19999999999726 ) (1496 -500 339.19999999999726 ) 
4 10 13 (1496 -628 160 ) (1496 -628 339.19999999999726 ) (1496 -564 339.19999999999726 ) (1496 -564 160 ) 
4 10 12 (1496 -564 339.19999999999726 ) (1496 -532 339.19999999999726 ) (1496 -532 164 ) (1496 -564 164 ) 
4 10 11 (1496 -532 339.19999999999726 ) (1496 -500 339.19999999999726 ) (1496 -500 160 ) (1496 -532 160 ) 
4 11 14 (1472 -532 339.19999999999726 ) (1472 -500 339.19999999999726 ) (1472 -500 160 ) (1472 -532 160 ) 
4 11 12 (1472 -532 339.19999999999726 ) (1472 -532 164 ) (1496 -532 164 ) (1496 -532 339.19999999999726 ) 
4 12 14 (1472 -564 339.19999999999726 ) (1472 -532 339.19999999999726 ) (1472 -532 164 ) (1472 -564 164 ) 
4 12 13 (1472 -564 339.19999999999726 ) (1472 -564 164 ) (1496 -564 164 ) (1496 -564 339.19999999999726 ) 
4 13 14 (1472 -628 160 ) (1472 -628 339.19999999999726 ) (1472 -564 339.19999999999726 ) (1472 -564 160 ) 
4 15 18 (1408 -308 288 ) (1408 -128 288 ) (1408 -128 149.3333333333334 ) (1408 -308 149.3333333333334 ) 
4 16 17 (1440 -308 159.19999999999996 ) (1438.2857142857142 -308 158.2857142857142 ) (1412.5714285714291 -128 132.57142857142918 ) (1440 -128 147.2000000000002 ) 
4 17 21 (1408 -128 128 ) (1408 -308 128 ) (1408 -308 142.13333333333333 ) (1408 -128 130.13333333333335 ) 
4 18 33 (1344 -561.725830020305 128 ) (1408 -641.7258300203051 149.3333333333334 ) (1408 -641.7258300203051 864 ) (1344 -561.725830020305 864 ) 
4 18 32 (1344 12 128 ) (1344 -561.7258300203043 128 ) (1344 -561.7258300203044 864 ) (1344 12 864 ) 
4 18 24 (1344 332 128 ) (1344 238.27416997969533 128 ) (1344 238.27416997969547 864 ) (1344 332 864 ) 
4 18 23 (1344 105.72583002030461 128 ) (1344 12 128 ) (1344 12 864 ) (1344 105.72583002030473 864 ) 
4 18 22 (1344 972 128 ) (1344 332 128 ) (1344 332 864 ) (1344 972 864 ) 
4 18 20 (1344 -128 128 ) (1344 972 128 ) (1408 972 149.33333333333326 ) (1408 -128 149.3333333333333 ) 
4 18 19 (1344 -561.7258300203043 128 ) (1344 -320 128 ) (1408 -320 149.3333333333333 ) (1408 -641.725830020305 149.3333333333333 ) 
3 19 33 (1344 -561.725830020305 128 ) (1408 -641.7258300203051 128 ) (1408 -641.7258300203051 149.3333333333334 ) 
3 19 21 (1408 -336 144 ) (1408 -384 128 ) (1376 -352 128 ) 
4 22 71 (1088 972 128 ) (1088 332 128 ) (1088 332 608 ) (1088 972 608 ) 
4 22 70 (1088 332 608 ) (1088 332 640 ) (1088 972 640 ) (1088 972 608 ) 
4 22 66 (1088 332 640 ) (1088 332 864 ) (1088 972 864 ) (1088 972 640 ) 
4 22 30 (1088 332 864 ) (1088 332 128 ) (1162.9806640162462 332 128 ) (1162.9806640162462 332 864 ) 
4 22 27 (1162.9806640162462 332 128 ) (1269.0193359837563 332 128 ) (1269.0193359837563 332 256 ) (1162.9806640162462 332 256 ) 
4 22 25 (1269.0193359837563 332 128 ) (1328 332 128 ) (1328 332 864 ) (1269.0193359837563 332 864 ) 
4 22 24 (1328 332 128 ) (1344 332 128 ) (1344 332 864 ) (1328 332 864 ) 
4 23 32 (1269.0193359837563 12 128 ) (1344 12 128 ) (1344 12 864 ) (1269.0193359837563 12 864 ) 
4 24 25 (1328 332 864 ) (1328 332 128 ) (1328 258.2741699796955 128 ) (1328 258.2741699796955 864 ) 
4 26 29 (1216 221.68665215495818 128 ) (1291.1655730226819 65.29529324838789 128 ) (1291.1655730226819 65.29529324838785 864 ) (1216 221.68665215495827 864 ) 
4 26 28 (1261.3293384239712 316 128 ) (1216 221.68665215495798 128 ) (1216 221.68665215495793 864 ) (1261.3293384239712 316 864 ) 
4 27 28 (1170.6706615760309 316 256 ) (1170.6706615760309 316 128 ) (1261.329338423971 316 128 ) (1261.329338423971 316 256 ) 
4 28 29 (1170.6706615760309 316 128 ) (1216 221.68665215495818 128 ) (1216 221.68665215495827 864 ) (1170.6706615760309 316 864 ) 
4 30 71 (1088 332 128 ) (1088 238.27416997969533 128 ) (1088 238.27416997969533 608 ) (1088 332 608 ) 
4 30 70 (1088 238.27416997969533 608 ) (1088 238.27416997969533 640 ) (1088 332 640 ) (1088 332 608 ) 
4 30 66 (1088 238.27416997969533 640 ) (1088 238.27416997969533 864 ) (1088 332 864 ) (1088 332 640 ) 
4 31 71 (1088 105.7258300203048 128 ) (1088 12 128 ) (1088 12 608 ) (1088 105.7258300203048 608 ) 
4 31 70 (1088 12 608 ) (1088 12 640 ) (1088 105.7258300203048 640 ) (1088 105.7258300203048 608 ) 
4 31 66 (1088 12 640 ) (1088 12 864 ) (1088 105.7258300203048 864 ) (1088 105.7258300203048 640 ) 
4 31 32 (1088 12 864 ) (1088 12 128 ) (1162.9806640162437 12 128 ) (1162.9806640162437 12 864 ) 
4 32 71 (1088 12 128 ) (1088 -241.72583002030433 128 ) (1088 -241.72583002030404 608 ) (1088 12 608 ) 
4 32 70 (1088 -241.72583002030404 608 ) (1088 -241.72583002030402 640 ) (1088 12 640 ) (1088 12 608 ) 
4 32 66 (1088 -241.72583002030402 640 ) (1088 -241.72583002030387 864 ) (1088 12 864 ) (1088 12 640 ) 
4 32 37 (1192.2193359837563 -372 128 ) (1269.019335983756 -468 128 ) (1269.019335983756 -468 864 ) (1192.2193359837563 -372 864 ) 
4 32 34 (1088 -241.7258300203045 864 ) (1088 -241.72583002030456 128 ) (1192.2193359837563 -372 128 ) (1192.2193359837563 -372 864 ) 
4 33 65 (1344 -1172 128 ) (1356 -1172 128 ) (1356 -1172 608 ) (1344 -1172 608 ) 
4 33 62 (1356 -1172 128 ) (1392 -1172 128 ) (1392 -1172 608 ) (1356 -1172 608 ) 
4 33 61 (1392 -1172 128 ) (1408 -1172 128 ) (1408 -1172 608 ) (1392 -1172 608 ) 
4 33 60 (1408 -1172 640 ) (1408 -1172 864 ) (1344 -1172 864 ) (1344 -1172 640 ) 
4 33 36 (1344 -694.2741699796956 128 ) (1344 -1172 128 ) (1344 -1172 340.3636363636364 ) (1344 -694.2741699796957 340.3636363636364 ) 
4 33 35 (1344 -694.2741699796952 340.3636363636364 ) (1344 -1172 340.3636363636364 ) (1344 -1172 864 ) (1344 -694.2741699796952 864 ) 
4 34 71 (1088 -241.72583002030433 128 ) (1088 -372 128 ) (1088 -372 608 ) (1088 -241.72583002030404 608 ) 
4 34 70 (1088 -372 608 ) (1088 -372 640 ) (1088 -241.72583002030402 640 ) (1088 -241.72583002030404 608 ) 
4 34 66 (1088 -372 640 ) (1088 -372 864 ) (1088 -241.72583002030387 864 ) (1088 -241.72583002030402 640 ) 
4 34 39 (1088 -372 608 ) (1088 -372 128 ) (1120 -372 128 ) (1120 -372 608 ) 
4 34 38 (1088 -372 864 ) (1088 -372 640 ) (1120 -372 640 ) (1120 -372 864 ) 
4 34 37 (1120 -372 128 ) (1192.2193359837563 -372 128 ) (1192.2193359837563 -372 864 ) (1120 -372 864 ) 
4 35 65 (1344 -1172 340.3636363636364 ) (1344 -1172 608 ) (1328 -1172 608 ) (1328 -1172 340.3636363636364 ) 
4 35 60 (1344 -1172 640 ) (1344 -1172 864 ) (1328 -1172 864 ) (1328 -1172 640 ) 
4 35 40 (1328 -714.2741699796954 340.3636363636364 ) (1328 -1172 340.3636363636364 ) (1328 -1172 864 ) (1328 -714.2741699796954 864 ) 
4 35 36 (1328 -1172 340.3636363636364 ) (1328 -714.2741699796954 340.3636363636364 ) (1344 -694.2741699796952 340.3636363636364 ) (1344 -1172 340.3636363636364 ) 
4 36 65 (1328 -1172 128 ) (1344 -1172 128 ) (1344 -1172 340.3636363636364 ) (1328 -1172 340.3636363636364 ) 
4 36 52 (1328 -933.9341427409408 128 ) (1328 -1172 128 ) (1328 -1172 340.3636363636364 ) (1328 -933.9341427409407 340.3636363636364 ) 
4 36 51 (1328 -714.2741699796956 128 ) (1328 -933.9341427409408 128 ) (1328 -933.9341427409407 340.3636363636364 ) (1328 -714.2741699796957 340.3636363636364 ) 
4 37 57 (1120 -468 128 ) (1162.9806640162437 -468 128 ) (1162.9806640162437 -468 864 ) (1120 -468 864 ) 
4 37 39 (1120 -372 608 ) (1120 -372 128 ) (1120 -468 128 ) (1120 -468 608 ) 
4 37 38 (1120 -372 864 ) (1120 -372 640 ) (1120 -468 640 ) (1120 -468 864 ) 
4 38 68 (1088 -468 640 ) (1088 -468 864 ) (1088 -420 864 ) (1088 -420 640 ) 
4 38 67 (1088 -420 864 ) (1088 -392 864 ) (1088 -392 644 ) (1088 -420 644 ) 
4 38 66 (1088 -392 864 ) (1088 -372 864 ) (1088 -372 640 ) (1088 -392 640 ) 
4 38 58 (1088 -468 864 ) (1088 -468 640 ) (1120 -468 640 ) (1120 -468 864 ) 
4 39 71 (1088 -372 128 ) (1088 -468 128 ) (1088 -468 608 ) (1088 -372 608 ) 
4 39 59 (1088 -468 608 ) (1088 -468 128 ) (1120 -468 128 ) (1120 -468 608 ) 
4 40 65 (1120 -1172 340.3636363636364 ) (1328 -1172 340.3636363636364 ) (1328 -1172 608 ) (1120 -1172 608 ) 
4 40 60 (1328 -1172 640 ) (1328 -1172 864 ) (1120 -1172 864 ) (1120 -1172 640 ) 
5 40 52 (1328 -933.9341427409408 340.3636363636364 ) (1328 -1172 340.3636363636364 ) (1120 -1172 340.3636363636364 ) (1120 -974.2741699796956 340.3636363636364 ) (1269.0193359837563 -788 340.3636363636364 ) 
3 40 51 (1328 -714.2741699796956 340.3636363636364 ) (1328 -933.9341427409408 340.3636363636364 ) (1269.0193359837563 -788 340.3636363636364 ) 
4 40 50 (1120 -974.2741699796956 340.3636363636364 ) (1120 -1172 340.3636363636364 ) (1120 -1172 608 ) (1120 -974.2741699796956 608 ) 
4 40 48 (1120 -1172 640 ) (1120 -1172 864 ) (1120 -974.2741699796956 864 ) (1120 -974.2741699796956 640 ) 
4 40 43 (1269.0193359837567 -788 340.3636363636364 ) (1120 -974.2741699796957 340.3636363636364 ) (1120 -974.2741699796957 864 ) (1269.0193359837567 -788 864 ) 
8 41 53 (1328 -572.0976751995438 340.3636363636364 ) (1328 -683.902324800446 340.3636363636364 ) (1263.0075741260769 -765.1428571428513 340.3636363636364 ) (1168.9924258739231 -765.1428571428513 340.3636363636364 ) (1120 -703.9023248004464 340.3636363636364 ) (1120 -552.0976751995441 340.3636363636364 ) (1168.9924258739231 -490.85714285714226 340.3636363636364 ) (1263.0075741260766 -490.85714285714226 340.3636363636364 ) 
4 41 49 (1120 -692 340.3636363636364 ) (1120 -703.9023248004464 340.3636363636364 ) (1120 -703.9023248004464 608 ) (1120 -692 608 ) 
4 41 47 (1120 -703.9023248004464 640 ) (1120 -703.9023248004464 864 ) (1120 -692 864 ) (1120 -692 640 ) 
4 41 46 (1120 -564 340.3636363636364 ) (1120 -692 340.3636363636364 ) (1120 -692 864 ) (1120 -564 864 ) 
4 41 45 (1120 -552.0976751995443 340.3636363636364 ) (1120 -564 340.3636363636364 ) (1120 -564 608 ) (1120 -552.0976751995443 608 ) 
4 41 44 (1120 -564 640 ) (1120 -564 864 ) (1120 -552.0976751995443 864 ) (1120 -552.0976751995443 640 ) 
3 42 55 (1162.9806640162437 -788 340.3636363636364 ) (1120 -788 340.3636363636364 ) (1120 -734.2741699796954 340.3636363636364 ) 
4 42 50 (1120 -734.2741699796954 340.3636363636364 ) (1120 -788 340.3636363636364 ) (1120 -788 608 ) (1120 -734.2741699796954 608 ) 
4 42 48 (1120 -788 640 ) (1120 -788 864 ) (1120 -734.2741699796954 864 ) (1120 -734.2741699796954 640 ) 
4 42 43 (1120 -788 864 ) (1120 -788 340.3636363636364 ) (1162.9806640162437 -788 340.3636363636364 ) (1162.9806640162437 -788 864 ) 
4 43 55 (1120 -947.5150709157132 340.3636363636364 ) (1120 -788 340.3636363636364 ) (1162.9806640162437 -788 340.3636363636364 ) (1205.2963603744072 -840.8946204477044 340.3636363636364 ) 
4 43 54 (1162.9806640162437 -788 340.3636363636364 ) (1184.38794326743 -788 340.3636363636364 ) (1216 -827.515070915713 340.3636363636364 ) (1205.2963603744072 -840.8946204477044 340.3636363636364 ) 
3 43 53 (1184.38794326743 -788 340.3636363636364 ) (1247.6120567325706 -788 340.3636363636364 ) (1216 -827.515070915713 340.3636363636364 ) 
4 43 52 (1269.0193359837565 -788 340.3636363636364 ) (1120 -974.2741699796956 340.3636363636364 ) (1120 -947.5150709157132 340.3636363636364 ) (1247.6120567325706 -788 340.3636363636364 ) 
4 43 50 (1120 -788 340.3636363636364 ) (1120 -974.2741699796956 340.3636363636364 ) (1120 -974.2741699796956 608 ) (1120 -788 608 ) 
4 43 48 (1120 -974.2741699796956 640 ) (1120 -974.2741699796956 864 ) (1120 -788 864 ) (1120 -788 640 ) 
4 44 46 (1110.4781401596351 -564 640 ) (1120 -564 640 ) (1120 -564 864 ) (1110.4781401596351 -564 864 ) 
3 45 53 (1120 -552.0976751995443 340.3636363636364 ) (1120 -564 340.3636363636364 ) (1110.4781401596351 -564 340.3636363636364 ) 
4 45 46 (1110.4781401596351 -564 340.3636363636364 ) (1120 -564 340.3636363636364 ) (1120 -564 608 ) (1110.4781401596351 -564 608 ) 
6 46 53 (1120 -564 340.3636363636364 ) (1120 -692 340.3636363636364 ) (1110.4781401596429 -692 340.3636363636364 ) (1104 -683.9023248004462 340.3636363636364 ) (1104 -572.0976751995437 340.3636363636364 ) (1110.4781401596351 -564 340.3636363636364 ) 
4 46 49 (1110.4781401596429 -692 340.3636363636364 ) (1120 -692 340.3636363636364 ) (1120 -692 608 ) (1110.4781401596429 -692 608 ) 
4 46 47 (1120 -692 640 ) (1120 -692 864 ) (1110.4781401596429 -692 864 ) (1110.4781401596429 -692 640 ) 
4 48 68 (1088 -1172 640 ) (1088 -1172 864 ) (1088 -694.2741699796954 864 ) (1088 -694.2741699796953 640 ) 
4 48 60 (1088 -1172 864 ) (1088 -1172 640 ) (1120 -1172 640 ) (1120 -1172 864 ) 
3 49 53 (1120 -692 340.3636363636364 ) (1120 -703.9023248004464 340.3636363636364 ) (1110.4781401596429 -692 340.3636363636364 ) 
4 50 71 (1088 -1172 340.3636363636364 ) (1088 -1172 608 ) (1088 -694.2741699796954 608 ) (1088 -694.2741699796953 340.3636363636364 ) 
4 50 65 (1088 -1172 608 ) (1088 -1172 340.3636363636364 ) (1120 -1172 340.3636363636364 ) (1120 -1172 608 ) 
4 50 56 (1104 -1172 340.3636363636364 ) (1088 -1172 340.3636363636364 ) (1088 -694.2741699796954 340.3636363636364 ) (1104 -714.2741699796954 340.3636363636364 ) 
4 50 55 (1120 -734.2741699796954 340.3636363636364 ) (1120 -947.515070915713 340.3636363636364 ) (1104 -967.5150709157131 340.3636363636364 ) (1104 -714.2741699796954 340.3636363636364 ) 
4 50 52 (1120 -947.515070915713 340.3636363636364 ) (1120 -1172 340.3636363636364 ) (1104 -1172 340.3636363636364 ) (1104 -967.5150709157131 340.3636363636364 ) 
4 51 52 (1269.0193359837563 -788 128 ) (1328 -933.9341427409404 128 ) (1328 -933.9341427409404 340.3636363636364 ) (1269.0193359837563 -788 340.3636363636364 ) 
4 52 65 (1104 -1172 128 ) (1328 -1172 128 ) (1328 -1172 340.3636363636364 ) (1104 -1172 340.3636363636364 ) 
4 52 56 (1104 -1172 128 ) (1104 -1172 340.3636363636364 ) (1104 -967.5150709157131 340.3636363636364 ) (1104 -967.5150709157131 128 ) 
4 52 55 (1104 -967.5150709157122 128 ) (1104 -967.5150709157122 340.3636363636364 ) (1205.2963603744067 -840.8946204477039 340.3636363636364 ) (1205.2963603744067 -840.8946204477039 128 ) 
4 52 54 (1205.2963603744067 -840.8946204477039 340.3636363636364 ) (1216 -827.5150709157125 340.3636363636364 ) (1216 -827.5150709157125 128 ) (1205.2963603744067 -840.8946204477039 128 ) 
4 52 53 (1216 -827.5150709157125 340.3636363636364 ) (1261.8342789547926 -770.222222222222 340.3636363636364 ) (1261.8342789547926 -770.222222222222 128 ) (1216 -827.5150709157125 128 ) 
4 53 54 (1170.1657210452076 -770.2222222222224 128 ) (1216 -827.5150709157131 128 ) (1216 -827.5150709157131 340.3636363636364 ) (1170.1657210452076 -770.2222222222224 340.3636363636364 ) 
4 54 55 (1162.9806640162435 -788 128 ) (1205.2963603744072 -840.8946204477045 128 ) (1205.2963603744072 -840.8946204477045 340.3636363636364 ) (1162.9806640162435 -788 340.3636363636364 ) 
4 55 56 (1104 -967.5150709157131 340.3636363636364 ) (1104 -714.2741699796954 340.3636363636364 ) (1104 -714.2741699796954 128 ) (1104 -967.5150709157131 128 ) 
4 56 71 (1088 -694.2741699796953 128 ) (1088 -1172 128 ) (1088 -1172 340.3636363636364 ) (1088 -694.2741699796953 340.3636363636364 ) 
4 56 65 (1088 -1172 340.3636363636364 ) (1088 -1172 128 ) (1104 -1172 128 ) (1104 -1172 340.3636363636364 ) 
4 57 59 (1120 -468 608 ) (1120 -468 128 ) (1120 -521.7258300203046 128 ) (1120 -521.7258300203046 608 ) 
4 57 58 (1120 -468 864 ) (1120 -468 640 ) (1120 -521.7258300203046 640 ) (1120 -521.7258300203046 864 ) 
4 58 68 (1088 -561.7258300203049 640 ) (1088 -561.7258300203049 864 ) (1088 -468 864 ) (1088 -468 640 ) 
4 59 71 (1088 -468 128 ) (1088 -561.7258300203049 128 ) (1088 -561.7258300203049 608 ) (1088 -468 608 ) 
4 60 68 (1088 -1268 640 ) (1088 -1268 864 ) (1088 -1172 864 ) (1088 -1172 640 ) 
4 61 64 (1392 -1268 128 ) (1392 -1268 608 ) (1392 -1244 608 ) (1392 -1244 128 ) 
4 61 63 (1392 -1244 608 ) (1392 -1216 608 ) (1392 -1216 132 ) (1392 -1244 132 ) 
4 61 62 (1392 -1216 608 ) (1392 -1172 608 ) (1392 -1172 128 ) (1392 -1216 128 ) 
4 62 65 (1356 -1216 608 ) (1356 -1172 608 ) (1356 -1172 128 ) (1356 -1216 128 ) 
4 62 63 (1356 -1216 608 ) (1356 -1216 132 ) (1392 -1216 132 ) (1392 -1216 608 ) 
4 63 65 (1356 -1244 608 ) (1356 -1216 608 ) (1356 -1216 132 ) (1356 -1244 132 ) 
4 63 64 (1356 -1244 608 ) (1356 -1244 132 ) (1392 -1244 132 ) (1392 -1244 608 ) 
4 64 65 (1356 -1268 128 ) (1356 -1268 608 ) (1356 -1244 608 ) (1356 -1244 128 ) 
4 65 71 (1088 -1172 128 ) (1088 -1268 128 ) (1088 -1268 608 ) (1088 -1172 608 ) 
4 66 70 (1056 972 640 ) (1088 972 640 ) (1088 -372 640 ) (1056 -372 640 ) 
4 66 69 (1056 972 864 ) (1056 972 640 ) (1056 -392 640 ) (1056 -392 864 ) 
4 66 67 (1056 -392 864 ) (1056 -392 644 ) (1088 -392 644 ) (1088 -392 864 ) 
4 67 69 (1056 -420 644 ) (1056 -420 864 ) (1056 -392 864 ) (1056 -392 644 ) 
4 67 68 (1056 -420 864 ) (1056 -420 644 ) (1088 -420 644 ) (1088 -420 864 ) 
4 68 69 (1056 -420 640 ) (1056 -1268 640 ) (1056 -1268 864 ) (1056 -420 864 ) 
4 69 72 (1024 -436 640 ) (1024 -532 640 ) (1024 -532 736 ) (1024 -436 736 ) 
4 69 70 (1024 -372 640 ) (1024 972 640 ) (1056 972 640 ) (1056 -372 640 ) 
4 70 71 (1024 -372 608 ) (1024 972 608 ) (1088 972 608 ) (1088 -372 608 ) 
4 71 73 (1024 172 128 ) (1024 -84 128 ) (1024 -84 480 ) (1024 172 480 ) 
4 72 74 (992 -436 640 ) (992 -532 640 ) (992 -532 736 ) (992 -436 736 ) 
5 73 82 (992 65.33333333333336 128 ) (992 -84 128 ) (992 -84 352 ) (992 172 352 ) (992 172 234.66666666666663 ) 
3 73 81 (992 172 128 ) (992 65.33333333333336 128 ) (992 172 234.66666666666663 ) 
4 73 75 (992 -84 352 ) (992 -84 480 ) (992 172 480 ) (992 172 352 ) 
4 74 80 (448 -524.6153846153865 640 ) (448 -436 640 ) (476 -436 640 ) (476 -524.6153846153865 640 ) 
4 74 79 (512 -504 640 ) (512 -524.6153846153865 640 ) (476 -524.6153846153865 640 ) (476 -504 640 ) 
4 74 78 (512 -472 640 ) (512 -504 640 ) (476 -504 640 ) (476 -472 640 ) 
4 74 77 (476 -436 640 ) (512 -436 640 ) (512 -472 640 ) (476 -472 640 ) 
4 74 76 (512 -436 640 ) (992 -436 640 ) (992 -524.6153846153865 640 ) (512 -524.6153846153865 640 ) 
4 74 75 (448 -436 640 ) (448 172 640 ) (992 172 640 ) (992 -436 640 ) 
4 75 83 (544 -340 352 ) (992 -340 352 ) (992 -436 352 ) (544 -436 352 ) 
5 75 82 (448 -340 352 ) (448 108 352 ) (640 172 352 ) (992 172 352 ) (992 -340 352 ) 
3 75 81 (448 108 352 ) (448 172 352 ) (640 172 352 ) 
4 75 80 (448 -436 352 ) (476 -436 352 ) (476 -436 640 ) (448 -436 640 ) 
4 75 77 (476 -436 352 ) (512 -436 352 ) (512 -436 640 ) (476 -436 640 ) 
4 75 76 (512 -436 352 ) (544 -436 352 ) (992 -436 640 ) (512 -436 640 ) 
4 76 79 (512 -504 352 ) (512 -524.6153846153865 352 ) (512 -524.6153846153865 640 ) (512 -504 640 ) 
4 76 78 (512 -504 356 ) (512 -504 640 ) (512 -472 640 ) (512 -472 356 ) 
4 76 77 (512 -436 640 ) (512 -436 352 ) (512 -472 352 ) (512 -472 640 ) 
4 77 80 (476 -436 640 ) (476 -436 352 ) (476 -472 352 ) (476 -472 640 ) 
4 77 78 (476 -472 640 ) (476 -472 356 ) (512 -472 356 ) (512 -472 640 ) 
4 78 80 (476 -504 356 ) (476 -504 640 ) (476 -472 640 ) (476 -472 356 ) 
4 78 79 (476 -504 640 ) (476 -504 356 ) (512 -504 356 ) (512 -504 640 ) 
4 79 80 (476 -504 352 ) (476 -524.6153846153865 352 ) (476 -524.6153846153865 640 ) (476 -504 640 ) 
5 81 100 (736 172 128 ) (896 172 128 ) (896 33.33333333333337 128 ) (832 12 128 ) (736 12 128 ) 
4 81 85 (448 -84 160 ) (448 108 352 ) (448 172 352 ) (448 172 160 ) 
6 81 82 (992 172 234.66666666666657 ) (640 172 352 ) (448 108 352 ) (448 -84 160 ) (544 -84 128 ) (992 65.33333333333354 128 ) 
3 82 100 (832 12 128 ) (896 33.33333333333334 128 ) (896 12 128 ) 
3 82 85 (448 -84 352 ) (448 108 352 ) (448 -84 160 ) 
4 82 84 (448 -340 320 ) (448 -340 128 ) (544 -340 128 ) (544 -340 320 ) 
4 82 83 (992 -340 352 ) (544 -340 352 ) (928 -340 128 ) (992 -340 128 ) 
4 85 88 (298 120 160 ) (298 -84 160 ) (298 -84 352 ) (298 120 352 ) 
4 85 87 (298 120 162 ) (298 120 352 ) (298 152 352 ) (298 152 162 ) 
4 85 86 (298 172 160 ) (298 152 160 ) (298 152 352 ) (298 172 352 ) 
4 86 89 (270 172 160 ) (270 152 160 ) (270 152 352 ) (270 172 352 ) 
4 86 87 (270 152 352 ) (270 152 162 ) (298 152 162 ) (298 152 352 ) 
4 87 89 (270 120 162 ) (270 120 352 ) (270 152 352 ) (270 152 162 ) 
4 87 88 (270 120 352 ) (270 120 162 ) (298 120 162 ) (298 120 352 ) 
4 88 89 (270 120 160 ) (270 -84 160 ) (270 -84 352 ) (270 120 352 ) 
4 89 91 (256 44 160 ) (256 -84 160 ) (256 -84 352 ) (256 44 352 ) 
4 89 90 (256 44 224 ) (256 44 352 ) (256 172 352 ) (256 172 224 ) 
4 90 92 (192 44 224 ) (192 44 352 ) (192 172 352 ) (192 172 224 ) 
4 90 91 (192 44 352 ) (192 44 224 ) (256 44 224 ) (256 44 352 ) 
4 91 92 (192 44 160 ) (192 -84 160 ) (192 -84 352 ) (192 44 352 ) 
4 92 101 (64 108 160 ) (64 12 160 ) (64 12 256 ) (64 108 256 ) 
4 93 99 (288 -372 160 ) (350 -372 160 ) (350 -372 352 ) (288 -372 352 ) 
4 93 96 (350 -372 160 ) (378 -372 160 ) (378 -372 352 ) (350 -372 352 ) 
4 93 95 (378 -372 160 ) (416 -372 160 ) (416 -372 352 ) (378 -372 352 ) 
4 93 94 (288 -116 352 ) (288 -116 160 ) (288 -340 160 ) (288 -340 352 ) 
4 94 102 (64 -116 160 ) (64 -212 160 ) (64 -212 256 ) (64 -116 256 ) 
4 95 98 (378 -454 160 ) (378 -500 160 ) (378 -500 352 ) (378 -454 352 ) 
4 95 97 (378 -454 162 ) (378 -454 352 ) (378 -430 352 ) (378 -430 162 ) 
4 95 96 (378 -372 352 ) (378 -372 160 ) (378 -430 160 ) (378 -430 352 ) 
4 96 99 (350 -372 352 ) (350 -372 160 ) (350 -430 160 ) (350 -430 352 ) 
4 96 97 (350 -430 352 ) (350 -430 162 ) (378 -430 162 ) (378 -430 352 ) 
4 97 99 (350 -454 162 ) (350 -454 352 ) (350 -430 352 ) (350 -430 162 ) 
4 97 98 (350 -454 352 ) (350 -454 162 ) (378 -454 162 ) (378 -454 352 ) 
4 98 99 (350 -454 160 ) (350 -500 160 ) (350 -500 352 ) (350 -454 352 ) 
4 101 104 (32 108 160 ) (32 12 160 ) (32 12 224 ) (32 108 224 ) 
4 101 103 (32 12 224 ) (32 12 256 ) (32 108 256 ) (32 108 224 ) 
4 102 105 (32 -116 160 ) (32 -212 160 ) (32 -212 224 ) (32 -116 224 ) 
4 102 103 (32 -212 224 ) (32 -212 256 ) (32 -116 256 ) (32 -116 224 ) 
4 103 109 (-160 -340 224 ) (-192 -340 224 ) (-192 140 224 ) (-160 140 224 ) 
4 103 108 (-96 -340 224 ) (-160 -340 224 ) (-160 -244 224 ) (-96 -244 224 ) 
4 103 107 (-160 -116 224 ) (-160 140 224 ) (-96 140 224 ) (-96 -116 224 ) 
4 103 106 (-64 -340 224 ) (-96 -340 224 ) (-96 140 224 ) (-64 140 224 ) 
4 103 105 (32 -340 224 ) (-64 -340 224 ) (-64 -52 224 ) (32 -52 224 ) 
4 103 104 (-64 12 224 ) (-64 140 224 ) (32 140 224 ) (32 12 224 ) 
4 104 106 (-64 12 224 ) (-64 140 224 ) (-64 140 160 ) (-64 12 160 ) 
4 105 106 (-64 -340 160 ) (-64 -340 224 ) (-64 -52 224 ) (-64 -52 160 ) 
4 106 108 (-96 -340 160 ) (-96 -340 224 ) (-96 -244 224 ) (-96 -244 160 ) 
4 106 107 (-96 -116 224 ) (-96 140 224 ) (-96 140 160 ) (-96 -116 160 ) 
4 107 109 (-160 -116 224 ) (-160 140 224 ) (-160 140 160 ) (-160 -116 160 ) 
4 108 109 (-160 -340 160 ) (-160 -340 224 ) (-160 -244 224 ) (-160 -244 160 ) 
